<?xml version="1.0" encoding="UTF-8"?>
<testng-results skipped="0" failed="0" ignored="0" total="2" passed="2">
  <reporter-output>
  </reporter-output>
  <suite name="InetBankingV1" duration-ms="95676" started-at="2020-04-21T17:58:09Z" finished-at="2020-04-21T17:59:45Z">
    <groups>
    </groups>
    <test name="BankingApp Test" duration-ms="95676" started-at="2020-04-21T17:58:09Z" finished-at="2020-04-21T17:59:45Z">
      <class name="com.inetbanking.testCases.TC_LoginTest_001">
        <test-method status="PASS" signature="setup(java.lang.String)[pri:0, instance:com.inetbanking.testCases.TC_LoginTest_001@340f438e]" name="setup" is-config="true" duration-ms="14695" started-at="2020-04-21T17:58:10Z" finished-at="2020-04-21T17:58:24Z">
          <params>
            <param index="0">
              <value>
                <![CDATA[chrome]]>
              </value>
            </param>
          </params>
          <reporter-output>
          </reporter-output>
        </test-method> <!-- setup -->
        <test-method status="PASS" signature="loginTest()[pri:0, instance:com.inetbanking.testCases.TC_LoginTest_001@340f438e]" name="loginTest" duration-ms="43488" started-at="2020-04-21T17:58:24Z" finished-at="2020-04-21T17:59:08Z">
          <reporter-output>
          </reporter-output>
        </test-method> <!-- loginTest -->
        <test-method status="PASS" signature="tearDown()[pri:0, instance:com.inetbanking.testCases.TC_LoginTest_001@340f438e]" name="tearDown" is-config="true" duration-ms="709" started-at="2020-04-21T17:59:08Z" finished-at="2020-04-21T17:59:09Z">
          <reporter-output>
          </reporter-output>
        </test-method> <!-- tearDown -->
      </class> <!-- com.inetbanking.testCases.TC_LoginTest_001 -->
      <class name="com.inetbanking.testCases.TC_AddCustomerTest_003">
        <test-method status="PASS" signature="setup(java.lang.String)[pri:0, instance:com.inetbanking.testCases.TC_AddCustomerTest_003@30c7da1e]" name="setup" is-config="true" duration-ms="13871" started-at="2020-04-21T17:59:09Z" finished-at="2020-04-21T17:59:22Z">
          <params>
            <param index="0">
              <value>
                <![CDATA[chrome]]>
              </value>
            </param>
          </params>
          <reporter-output>
          </reporter-output>
        </test-method> <!-- setup -->
        <test-method status="PASS" signature="addNewCustomer()[pri:0, instance:com.inetbanking.testCases.TC_AddCustomerTest_003@30c7da1e]" name="addNewCustomer" duration-ms="21949" started-at="2020-04-21T17:59:22Z" finished-at="2020-04-21T17:59:44Z">
          <reporter-output>
          </reporter-output>
        </test-method> <!-- addNewCustomer -->
        <test-method status="PASS" signature="tearDown()[pri:0, instance:com.inetbanking.testCases.TC_AddCustomerTest_003@30c7da1e]" name="tearDown" is-config="true" duration-ms="667" started-at="2020-04-21T17:59:44Z" finished-at="2020-04-21T17:59:45Z">
          <reporter-output>
          </reporter-output>
        </test-method> <!-- tearDown -->
      </class> <!-- com.inetbanking.testCases.TC_AddCustomerTest_003 -->
    </test> <!-- BankingApp Test -->
  </suite> <!-- InetBankingV1 -->
</testng-results>
